Thu Jul 28 2016 13:37:10 GMT-0400 (EDT): GET /about
Thu Jul 28 2016 13:37:11 GMT-0400 (EDT): GET /favicon.ico
Thu Jul 28 2016 13:42:16 GMT-0400 (EDT): GET /about
Thu Jul 28 2016 13:42:21 GMT-0400 (EDT): GET /
Thu Jul 28 2016 13:43:41 GMT-0400 (EDT): GET /help.html
Thu Jul 28 2016 13:43:46 GMT-0400 (EDT): GET /
Thu Jul 28 2016 13:46:17 GMT-0400 (EDT): GET /
Thu Jul 28 2016 13:46:42 GMT-0400 (EDT): GET /
Thu Jul 28 2016 13:46:45 GMT-0400 (EDT): GET /about
Mon Aug 01 2016 09:26:30 GMT-0400 (EDT): GET /
Mon Aug 01 2016 09:26:31 GMT-0400 (EDT): GET /favicon.ico
Mon Aug 01 2016 10:02:53 GMT-0400 (EDT): GET /
Mon Aug 01 2016 10:02:56 GMT-0400 (EDT): GET /
Mon Aug 01 2016 10:02:58 GMT-0400 (EDT): GET /about
Mon Aug 01 2016 10:02:59 GMT-0400 (EDT): GET /projects
Fri Dec 23 2016 13:12:33 GMT-0500 (EST): GET /
Fri Dec 23 2016 13:12:34 GMT-0500 (EST): GET /favicon.ico
Fri Dec 23 2016 13:12:39 GMT-0500 (EST): GET /about
Fri Dec 23 2016 13:12:40 GMT-0500 (EST): GET /projects
Fri Dec 23 2016 13:12:41 GMT-0500 (EST): GET /
Fri Dec 23 2016 13:37:35 GMT-0500 (EST): GET /
Fri Dec 23 2016 13:37:38 GMT-0500 (EST): GET /projects
Fri Dec 23 2016 13:37:39 GMT-0500 (EST): GET /about
Fri Dec 23 2016 13:37:40 GMT-0500 (EST): GET /
Fri Dec 23 2016 13:37:42 GMT-0500 (EST): GET /about
Fri Dec 23 2016 13:37:43 GMT-0500 (EST): GET /projects
Fri Dec 23 2016 13:38:39 GMT-0500 (EST): GET /projects
Fri Dec 23 2016 13:39:09 GMT-0500 (EST): GET /projects
Fri Dec 23 2016 13:39:11 GMT-0500 (EST): GET /about
Fri Dec 23 2016 13:39:12 GMT-0500 (EST): GET /projects
Fri Dec 23 2016 13:39:13 GMT-0500 (EST): GET /
